<?xml version="1.0" encoding="UTF-8"?>
<testsuite xmlns:xsi="http://www.w3.org/2001/XMLSchema-instance" xsi:noNamespaceSchemaLocation="https://maven.apache.org/surefire/maven-surefire-plugin/xsd/surefire-test-report.xsd" name="com.qa.runner.BrowserResizeTestRunner" time="30.585" tests="1" errors="1" skipped="0" failures="0">
  <properties>
    <property name="sun.desktop" value="windows"/>
    <property name="awt.toolkit" value="sun.awt.windows.WToolkit"/>
    <property name="file.encoding.pkg" value="sun.io"/>
    <property name="java.specification.version" value="1.8"/>
    <property name="sun.cpu.isalist" value="pentium_pro+mmx pentium_pro pentium+mmx pentium i486 i386 i86"/>
    <property name="sun.jnu.encoding" value="Cp1252"/>
    <property name="java.class.path" value="C:\D\QURATE\MavenSureFirePluginCucumberJunit\target\test-classes;C:\D\QURATE\MavenSureFirePluginCucumberJunit\target\classes;C:\Users\rajnakir\.m2\repository\junit\junit\4.12\junit-4.12.jar;C:\Users\rajnakir\.m2\repository\org\hamcrest\hamcrest-core\1.3\hamcrest-core-1.3.jar;C:\Users\rajnakir\.m2\repository\io\cucumber\cucumber-junit\4.7.1\cucumber-junit-4.7.1.jar;C:\Users\rajnakir\.m2\repository\org\apiguardian\apiguardian-api\1.1.0\apiguardian-api-1.1.0.jar;C:\Users\rajnakir\.m2\repository\io\cucumber\cucumber-core\4.7.1\cucumber-core-4.7.1.jar;C:\Users\rajnakir\.m2\repository\io\cucumber\gherkin\5.1.0\gherkin-5.1.0.jar;C:\Users\rajnakir\.m2\repository\io\cucumber\tag-expressions\1.1.1\tag-expressions-1.1.1.jar;C:\Users\rajnakir\.m2\repository\io\cucumber\cucumber-expressions\7.0.2\cucumber-expressions-7.0.2.jar;C:\Users\rajnakir\.m2\repository\io\cucumber\datatable\1.1.14\datatable-1.1.14.jar;C:\Users\rajnakir\.m2\repository\io\cucumber\datatable-dependencies\1.1.14\datatable-dependencies-1.1.14.jar;C:\Users\rajnakir\.m2\repository\io\cucumber\cucumber-picocontainer\4.7.1\cucumber-picocontainer-4.7.1.jar;C:\Users\rajnakir\.m2\repository\org\picocontainer\picocontainer\2.15\picocontainer-2.15.jar;C:\Users\rajnakir\.m2\repository\org\seleniumhq\selenium\selenium-java\3.5.3\selenium-java-3.5.3.jar;C:\Users\rajnakir\.m2\repository\org\seleniumhq\selenium\selenium-api\3.5.3\selenium-api-3.5.3.jar;C:\Users\rajnakir\.m2\repository\org\seleniumhq\selenium\selenium-chrome-driver\3.5.3\selenium-chrome-driver-3.5.3.jar;C:\Users\rajnakir\.m2\repository\org\seleniumhq\selenium\selenium-edge-driver\3.5.3\selenium-edge-driver-3.5.3.jar;C:\Users\rajnakir\.m2\repository\org\seleniumhq\selenium\selenium-firefox-driver\3.5.3\selenium-firefox-driver-3.5.3.jar;C:\Users\rajnakir\.m2\repository\org\seleniumhq\selenium\selenium-ie-driver\3.5.3\selenium-ie-driver-3.5.3.jar;C:\Users\rajnakir\.m2\repository\org\seleniumhq\selenium\selenium-opera-driver\3.5.3\selenium-opera-driver-3.5.3.jar;C:\Users\rajnakir\.m2\repository\org\seleniumhq\selenium\selenium-remote-driver\3.5.3\selenium-remote-driver-3.5.3.jar;C:\Users\rajnakir\.m2\repository\org\seleniumhq\selenium\selenium-safari-driver\3.5.3\selenium-safari-driver-3.5.3.jar;C:\Users\rajnakir\.m2\repository\org\seleniumhq\selenium\selenium-support\3.5.3\selenium-support-3.5.3.jar;C:\Users\rajnakir\.m2\repository\cglib\cglib-nodep\3.2.4\cglib-nodep-3.2.4.jar;C:\Users\rajnakir\.m2\repository\org\apache\commons\commons-exec\1.3\commons-exec-1.3.jar;C:\Users\rajnakir\.m2\repository\org\apache\commons\commons-lang3\3.5\commons-lang3-3.5.jar;C:\Users\rajnakir\.m2\repository\commons-codec\commons-codec\1.10\commons-codec-1.10.jar;C:\Users\rajnakir\.m2\repository\commons-io\commons-io\2.5\commons-io-2.5.jar;C:\Users\rajnakir\.m2\repository\commons-logging\commons-logging\1.2\commons-logging-1.2.jar;C:\Users\rajnakir\.m2\repository\org\w3c\css\sac\1.3\sac-1.3.jar;C:\Users\rajnakir\.m2\repository\net\sourceforge\cssparser\cssparser\0.9.23\cssparser-0.9.23.jar;C:\Users\rajnakir\.m2\repository\com\google\code\gson\gson\2.8.0\gson-2.8.0.jar;C:\Users\rajnakir\.m2\repository\com\google\guava\guava\23.0\guava-23.0.jar;C:\Users\rajnakir\.m2\repository\com\google\code\findbugs\jsr305\1.3.9\jsr305-1.3.9.jar;C:\Users\rajnakir\.m2\repository\com\google\errorprone\error_prone_annotations\2.0.18\error_prone_annotations-2.0.18.jar;C:\Users\rajnakir\.m2\repository\com\google\j2objc\j2objc-annotations\1.1\j2objc-annotations-1.1.jar;C:\Users\rajnakir\.m2\repository\org\codehaus\mojo\animal-sniffer-annotations\1.14\animal-sniffer-annotations-1.14.jar;C:\Users\rajnakir\.m2\repository\net\sourceforge\htmlunit\htmlunit\2.27\htmlunit-2.27.jar;C:\Users\rajnakir\.m2\repository\net\sourceforge\htmlunit\htmlunit-core-js\2.27\htmlunit-core-js-2.27.jar;C:\Users\rajnakir\.m2\repository\net\sourceforge\htmlunit\neko-htmlunit\2.27\neko-htmlunit-2.27.jar;C:\Users\rajnakir\.m2\repository\org\apache\httpcomponents\httpclient\4.5.3\httpclient-4.5.3.jar;C:\Users\rajnakir\.m2\repository\org\apache\httpcomponents\httpcore\4.4.6\httpcore-4.4.6.jar;C:\Users\rajnakir\.m2\repository\org\apache\httpcomponents\httpmime\4.5.3\httpmime-4.5.3.jar;C:\Users\rajnakir\.m2\repository\org\eclipse\jetty\jetty-client\9.4.5.v20170502\jetty-client-9.4.5.v20170502.jar;C:\Users\rajnakir\.m2\repository\org\eclipse\jetty\jetty-http\9.4.5.v20170502\jetty-http-9.4.5.v20170502.jar;C:\Users\rajnakir\.m2\repository\org\eclipse\jetty\jetty-io\9.4.5.v20170502\jetty-io-9.4.5.v20170502.jar;C:\Users\rajnakir\.m2\repository\org\eclipse\jetty\jetty-util\9.4.5.v20170502\jetty-util-9.4.5.v20170502.jar;C:\Users\rajnakir\.m2\repository\net\java\dev\jna\jna\4.1.0\jna-4.1.0.jar;C:\Users\rajnakir\.m2\repository\net\java\dev\jna\jna-platform\4.1.0\jna-platform-4.1.0.jar;C:\Users\rajnakir\.m2\repository\com\codeborne\phantomjsdriver\1.4.0\phantomjsdriver-1.4.0.jar;C:\Users\rajnakir\.m2\repository\org\seleniumhq\selenium\htmlunit-driver\2.27\htmlunit-driver-2.27.jar;C:\Users\rajnakir\.m2\repository\javax\servlet\javax.servlet-api\3.1.0\javax.servlet-api-3.1.0.jar;C:\Users\rajnakir\.m2\repository\org\eclipse\jetty\websocket\websocket-api\9.4.5.v20170502\websocket-api-9.4.5.v20170502.jar;C:\Users\rajnakir\.m2\repository\org\eclipse\jetty\websocket\websocket-client\9.4.5.v20170502\websocket-client-9.4.5.v20170502.jar;C:\Users\rajnakir\.m2\repository\org\eclipse\jetty\websocket\websocket-common\9.4.5.v20170502\websocket-common-9.4.5.v20170502.jar;C:\Users\rajnakir\.m2\repository\xalan\serializer\2.7.2\serializer-2.7.2.jar;C:\Users\rajnakir\.m2\repository\xalan\xalan\2.7.2\xalan-2.7.2.jar;C:\Users\rajnakir\.m2\repository\xerces\xercesImpl\2.11.0\xercesImpl-2.11.0.jar;C:\Users\rajnakir\.m2\repository\xml-apis\xml-apis\1.4.01\xml-apis-1.4.01.jar;C:\Users\rajnakir\.m2\repository\io\cucumber\cucumber-java\4.7.1\cucumber-java-4.7.1.jar;"/>
    <property name="java.vm.vendor" value="Oracle Corporation"/>
    <property name="sun.arch.data.model" value="32"/>
    <property name="user.variant" value=""/>
    <property name="java.vendor.url" value="http://java.oracle.com/"/>
    <property name="user.timezone" value="Asia/Calcutta"/>
    <property name="java.vm.specification.version" value="1.8"/>
    <property name="os.name" value="Windows 10"/>
    <property name="user.country" value="US"/>
    <property name="sun.java.launcher" value="SUN_STANDARD"/>
    <property name="sun.boot.library.path" value="C:\Program Files (x86)\Java\jdk1.8.0_211\jre\bin"/>
    <property name="sun.java.command" value="C:\Users\rajnakir\AppData\Local\Temp\surefire2947921518555856655\surefirebooter1420609336823004529.jar C:\Users\rajnakir\AppData\Local\Temp\surefire2947921518555856655 2019-09-07T09-04-08_144-jvmRun1 surefire5872817197273373488tmp surefire_13083443836720570894tmp"/>
    <property name="surefire.test.class.path" value="C:\D\QURATE\MavenSureFirePluginCucumberJunit\target\test-classes;C:\D\QURATE\MavenSureFirePluginCucumberJunit\target\classes;C:\Users\rajnakir\.m2\repository\junit\junit\4.12\junit-4.12.jar;C:\Users\rajnakir\.m2\repository\org\hamcrest\hamcrest-core\1.3\hamcrest-core-1.3.jar;C:\Users\rajnakir\.m2\repository\io\cucumber\cucumber-junit\4.7.1\cucumber-junit-4.7.1.jar;C:\Users\rajnakir\.m2\repository\org\apiguardian\apiguardian-api\1.1.0\apiguardian-api-1.1.0.jar;C:\Users\rajnakir\.m2\repository\io\cucumber\cucumber-core\4.7.1\cucumber-core-4.7.1.jar;C:\Users\rajnakir\.m2\repository\io\cucumber\gherkin\5.1.0\gherkin-5.1.0.jar;C:\Users\rajnakir\.m2\repository\io\cucumber\tag-expressions\1.1.1\tag-expressions-1.1.1.jar;C:\Users\rajnakir\.m2\repository\io\cucumber\cucumber-expressions\7.0.2\cucumber-expressions-7.0.2.jar;C:\Users\rajnakir\.m2\repository\io\cucumber\datatable\1.1.14\datatable-1.1.14.jar;C:\Users\rajnakir\.m2\repository\io\cucumber\datatable-dependencies\1.1.14\datatable-dependencies-1.1.14.jar;C:\Users\rajnakir\.m2\repository\io\cucumber\cucumber-picocontainer\4.7.1\cucumber-picocontainer-4.7.1.jar;C:\Users\rajnakir\.m2\repository\org\picocontainer\picocontainer\2.15\picocontainer-2.15.jar;C:\Users\rajnakir\.m2\repository\org\seleniumhq\selenium\selenium-java\3.5.3\selenium-java-3.5.3.jar;C:\Users\rajnakir\.m2\repository\org\seleniumhq\selenium\selenium-api\3.5.3\selenium-api-3.5.3.jar;C:\Users\rajnakir\.m2\repository\org\seleniumhq\selenium\selenium-chrome-driver\3.5.3\selenium-chrome-driver-3.5.3.jar;C:\Users\rajnakir\.m2\repository\org\seleniumhq\selenium\selenium-edge-driver\3.5.3\selenium-edge-driver-3.5.3.jar;C:\Users\rajnakir\.m2\repository\org\seleniumhq\selenium\selenium-firefox-driver\3.5.3\selenium-firefox-driver-3.5.3.jar;C:\Users\rajnakir\.m2\repository\org\seleniumhq\selenium\selenium-ie-driver\3.5.3\selenium-ie-driver-3.5.3.jar;C:\Users\rajnakir\.m2\repository\org\seleniumhq\selenium\selenium-opera-driver\3.5.3\selenium-opera-driver-3.5.3.jar;C:\Users\rajnakir\.m2\repository\org\seleniumhq\selenium\selenium-remote-driver\3.5.3\selenium-remote-driver-3.5.3.jar;C:\Users\rajnakir\.m2\repository\org\seleniumhq\selenium\selenium-safari-driver\3.5.3\selenium-safari-driver-3.5.3.jar;C:\Users\rajnakir\.m2\repository\org\seleniumhq\selenium\selenium-support\3.5.3\selenium-support-3.5.3.jar;C:\Users\rajnakir\.m2\repository\cglib\cglib-nodep\3.2.4\cglib-nodep-3.2.4.jar;C:\Users\rajnakir\.m2\repository\org\apache\commons\commons-exec\1.3\commons-exec-1.3.jar;C:\Users\rajnakir\.m2\repository\org\apache\commons\commons-lang3\3.5\commons-lang3-3.5.jar;C:\Users\rajnakir\.m2\repository\commons-codec\commons-codec\1.10\commons-codec-1.10.jar;C:\Users\rajnakir\.m2\repository\commons-io\commons-io\2.5\commons-io-2.5.jar;C:\Users\rajnakir\.m2\repository\commons-logging\commons-logging\1.2\commons-logging-1.2.jar;C:\Users\rajnakir\.m2\repository\org\w3c\css\sac\1.3\sac-1.3.jar;C:\Users\rajnakir\.m2\repository\net\sourceforge\cssparser\cssparser\0.9.23\cssparser-0.9.23.jar;C:\Users\rajnakir\.m2\repository\com\google\code\gson\gson\2.8.0\gson-2.8.0.jar;C:\Users\rajnakir\.m2\repository\com\google\guava\guava\23.0\guava-23.0.jar;C:\Users\rajnakir\.m2\repository\com\google\code\findbugs\jsr305\1.3.9\jsr305-1.3.9.jar;C:\Users\rajnakir\.m2\repository\com\google\errorprone\error_prone_annotations\2.0.18\error_prone_annotations-2.0.18.jar;C:\Users\rajnakir\.m2\repository\com\google\j2objc\j2objc-annotations\1.1\j2objc-annotations-1.1.jar;C:\Users\rajnakir\.m2\repository\org\codehaus\mojo\animal-sniffer-annotations\1.14\animal-sniffer-annotations-1.14.jar;C:\Users\rajnakir\.m2\repository\net\sourceforge\htmlunit\htmlunit\2.27\htmlunit-2.27.jar;C:\Users\rajnakir\.m2\repository\net\sourceforge\htmlunit\htmlunit-core-js\2.27\htmlunit-core-js-2.27.jar;C:\Users\rajnakir\.m2\repository\net\sourceforge\htmlunit\neko-htmlunit\2.27\neko-htmlunit-2.27.jar;C:\Users\rajnakir\.m2\repository\org\apache\httpcomponents\httpclient\4.5.3\httpclient-4.5.3.jar;C:\Users\rajnakir\.m2\repository\org\apache\httpcomponents\httpcore\4.4.6\httpcore-4.4.6.jar;C:\Users\rajnakir\.m2\repository\org\apache\httpcomponents\httpmime\4.5.3\httpmime-4.5.3.jar;C:\Users\rajnakir\.m2\repository\org\eclipse\jetty\jetty-client\9.4.5.v20170502\jetty-client-9.4.5.v20170502.jar;C:\Users\rajnakir\.m2\repository\org\eclipse\jetty\jetty-http\9.4.5.v20170502\jetty-http-9.4.5.v20170502.jar;C:\Users\rajnakir\.m2\repository\org\eclipse\jetty\jetty-io\9.4.5.v20170502\jetty-io-9.4.5.v20170502.jar;C:\Users\rajnakir\.m2\repository\org\eclipse\jetty\jetty-util\9.4.5.v20170502\jetty-util-9.4.5.v20170502.jar;C:\Users\rajnakir\.m2\repository\net\java\dev\jna\jna\4.1.0\jna-4.1.0.jar;C:\Users\rajnakir\.m2\repository\net\java\dev\jna\jna-platform\4.1.0\jna-platform-4.1.0.jar;C:\Users\rajnakir\.m2\repository\com\codeborne\phantomjsdriver\1.4.0\phantomjsdriver-1.4.0.jar;C:\Users\rajnakir\.m2\repository\org\seleniumhq\selenium\htmlunit-driver\2.27\htmlunit-driver-2.27.jar;C:\Users\rajnakir\.m2\repository\javax\servlet\javax.servlet-api\3.1.0\javax.servlet-api-3.1.0.jar;C:\Users\rajnakir\.m2\repository\org\eclipse\jetty\websocket\websocket-api\9.4.5.v20170502\websocket-api-9.4.5.v20170502.jar;C:\Users\rajnakir\.m2\repository\org\eclipse\jetty\websocket\websocket-client\9.4.5.v20170502\websocket-client-9.4.5.v20170502.jar;C:\Users\rajnakir\.m2\repository\org\eclipse\jetty\websocket\websocket-common\9.4.5.v20170502\websocket-common-9.4.5.v20170502.jar;C:\Users\rajnakir\.m2\repository\xalan\serializer\2.7.2\serializer-2.7.2.jar;C:\Users\rajnakir\.m2\repository\xalan\xalan\2.7.2\xalan-2.7.2.jar;C:\Users\rajnakir\.m2\repository\xerces\xercesImpl\2.11.0\xercesImpl-2.11.0.jar;C:\Users\rajnakir\.m2\repository\xml-apis\xml-apis\1.4.01\xml-apis-1.4.01.jar;C:\Users\rajnakir\.m2\repository\io\cucumber\cucumber-java\4.7.1\cucumber-java-4.7.1.jar;"/>
    <property name="sun.cpu.endian" value="little"/>
    <property name="user.home" value="C:\Users\rajnakir"/>
    <property name="user.language" value="en"/>
    <property name="java.specification.vendor" value="Oracle Corporation"/>
    <property name="java.home" value="C:\Program Files (x86)\Java\jdk1.8.0_211\jre"/>
    <property name="basedir" value="C:\D\QURATE\MavenSureFirePluginCucumberJunit"/>
    <property name="file.separator" value="\"/>
    <property name="line.separator" value="&#10;"/>
    <property name="java.vm.specification.vendor" value="Oracle Corporation"/>
    <property name="java.specification.name" value="Java Platform API Specification"/>
    <property name="java.awt.graphicsenv" value="sun.awt.Win32GraphicsEnvironment"/>
    <property name="surefire.real.class.path" value="C:\Users\rajnakir\AppData\Local\Temp\surefire2947921518555856655\surefirebooter1420609336823004529.jar"/>
    <property name="sun.boot.class.path" value="C:\Program Files (x86)\Java\jdk1.8.0_211\jre\lib\resources.jar;C:\Program Files (x86)\Java\jdk1.8.0_211\jre\lib\rt.jar;C:\Program Files (x86)\Java\jdk1.8.0_211\jre\lib\sunrsasign.jar;C:\Program Files (x86)\Java\jdk1.8.0_211\jre\lib\jsse.jar;C:\Program Files (x86)\Java\jdk1.8.0_211\jre\lib\jce.jar;C:\Program Files (x86)\Java\jdk1.8.0_211\jre\lib\charsets.jar;C:\Program Files (x86)\Java\jdk1.8.0_211\jre\lib\jfr.jar;C:\Program Files (x86)\Java\jdk1.8.0_211\jre\classes"/>
    <property name="user.script" value=""/>
    <property name="sun.management.compiler" value="HotSpot Client Compiler"/>
    <property name="java.runtime.version" value="1.8.0_211-b12"/>
    <property name="user.name" value="rajnakir"/>
    <property name="path.separator" value=";"/>
    <property name="os.version" value="10.0"/>
    <property name="java.endorsed.dirs" value="C:\Program Files (x86)\Java\jdk1.8.0_211\jre\lib\endorsed"/>
    <property name="java.runtime.name" value="Java(TM) SE Runtime Environment"/>
    <property name="file.encoding" value="Cp1252"/>
    <property name="java.vm.name" value="Java HotSpot(TM) Client VM"/>
    <property name="localRepository" value="C:\Users\rajnakir\.m2\repository"/>
    <property name="java.vendor.url.bug" value="http://bugreport.sun.com/bugreport/"/>
    <property name="java.io.tmpdir" value="C:\Users\rajnakir\AppData\Local\Temp\"/>
    <property name="java.version" value="1.8.0_211"/>
    <property name="user.dir" value="C:\D\QURATE\MavenSureFirePluginCucumberJunit"/>
    <property name="os.arch" value="x86"/>
    <property name="java.vm.specification.name" value="Java Virtual Machine Specification"/>
    <property name="java.awt.printerjob" value="sun.awt.windows.WPrinterJob"/>
    <property name="sun.os.patch.level" value=""/>
    <property name="java.library.path" value="C:\Program Files (x86)\Java\jdk1.8.0_211\jre\bin;C:\WINDOWS\Sun\Java\bin;C:\WINDOWS\system32;C:\WINDOWS;C:/Program Files/Java/jre1.8.0_192/bin/server;C:/Program Files/Java/jre1.8.0_192/bin;C:/Program Files/Java/jre1.8.0_192/lib/amd64;C:\ProgramData\DockerDesktop\version-bin;C:\Program Files\Docker\Docker\Resources\bin;C:\Program Files (x86)\Common Files\Oracle\Java\javapath;C:\WINDOWS\system32;C:\WINDOWS;C:\WINDOWS\System32\Wbem;C:\WINDOWS\System32\WindowsPowerShell\v1.0\;C:\WINDOWS\System32\OpenSSH\;C:\Program Files (x86)\Box\Box Edit\;C:\Program Files (x86)\Java\jdk1.8.0_211\bin;C:\Program Files\Git\cmd;C:\Users\rajnakir\AppData\Local\Android\Sdk\tools;C:\Users\rajnakir\AppData\Local\Android\Sdk\tools\bin;C:\Users\rajnakir\AppData\Local\Android\Sdk\platform-tools;C:\Users\rajnakir\AppData\Local\Android\Sdk;C:\Program Files\nodejs;C:\Installers\New folder\Jenkins;C:\Softwares\apache-maven-3.6.1\bin;C:\Program Files (x86)\Java\jdk1.8.0_211\bin;C:\Users\rajnakir\AppData\Local\Microsoft\WindowsApps;C:\Users\rajnakir\AppData\Roaming\npm;C:\eclipse-dsl-neon-3-win32-x86_64;;."/>
    <property name="java.vm.info" value="mixed mode"/>
    <property name="java.vendor" value="Oracle Corporation"/>
    <property name="java.vm.version" value="25.211-b12"/>
    <property name="java.ext.dirs" value="C:\Program Files (x86)\Java\jdk1.8.0_211\jre\lib\ext;C:\WINDOWS\Sun\Java\lib\ext"/>
    <property name="sun.io.unicode.encoding" value="UnicodeLittle"/>
    <property name="java.class.version" value="52.0"/>
  </properties>
  <testcase name="Test working with elements in an webtable" classname="Working with WebTable" time="29.339">
    <error message="no such element: Unable to locate element: {&quot;method&quot;:&quot;xpath&quot;,&quot;selector&quot;:&quot;//div[text()=&apos;rameshjadhav@gmail.com&apos;]/../following-sibling::div//button/i[contains(@class,&apos;fa-pencil&apos;)]&quot;}&#10;  (Session info: chrome=76.0.3809.132)&#10;For documentation on this error, please visit: http://seleniumhq.org/exceptions/no_such_element.html&#10;Build info: version: &apos;3.5.3&apos;, revision: &apos;a88d25fe6b&apos;, time: &apos;2017-08-29T12:42:44.417Z&apos;&#10;System info: host: &apos;WKWIN9326287&apos;, ip: &apos;10.0.75.1&apos;, os.name: &apos;Windows 10&apos;, os.arch: &apos;x86&apos;, os.version: &apos;10.0&apos;, java.version: &apos;1.8.0_211&apos;&#10;Driver info: org.openqa.selenium.chrome.ChromeDriver&#10;Capabilities [{networkConnectionEnabled=false, chrome={chromedriverVersion=76.0.3809.68 (420c9498db8ce8fcd190a954d51297672c1515d5-refs/branch-heads/3809@{#864}), userDataDir=C:\Users\rajnakir\AppData\Local\Temp\scoped_dir23868_396723176}, timeouts={implicit=0, pageLoad=300000, script=30000}, pageLoadStrategy=normal, unhandledPromptBehavior=dismiss and notify, strictFileInteractability=false, platform=XP, proxy=Proxy(), goog:chromeOptions={debuggerAddress=localhost:52537}, acceptInsecureCerts=false, browserVersion=76.0.3809.132, browserName=chrome, javascriptEnabled=true, platformName=XP, setWindowRect=true}]&#10;Session ID: 7aa9abea68ad486e95adf8fbeabbecdd&#10;*** Element info: {Using=xpath, value=//div[text()=&apos;rameshjadhav@gmail.com&apos;]/../following-sibling::div//button/i[contains(@class,&apos;fa-pencil&apos;)]}" type="org.openqa.selenium.NoSuchElementException">org.openqa.selenium.NoSuchElementException: 
no such element: Unable to locate element: {"method":"xpath","selector":"//div[text()='rameshjadhav@gmail.com']/../following-sibling::div//button/i[contains(@class,'fa-pencil')]"}
  (Session info: chrome=76.0.3809.132)
For documentation on this error, please visit: http://seleniumhq.org/exceptions/no_such_element.html
Build info: version: '3.5.3', revision: 'a88d25fe6b', time: '2017-08-29T12:42:44.417Z'
System info: host: 'WKWIN9326287', ip: '10.0.75.1', os.name: 'Windows 10', os.arch: 'x86', os.version: '10.0', java.version: '1.8.0_211'
Driver info: org.openqa.selenium.chrome.ChromeDriver
Capabilities [{networkConnectionEnabled=false, chrome={chromedriverVersion=76.0.3809.68 (420c9498db8ce8fcd190a954d51297672c1515d5-refs/branch-heads/3809@{#864}), userDataDir=C:\Users\rajnakir\AppData\Local\Temp\scoped_dir23868_396723176}, timeouts={implicit=0, pageLoad=300000, script=30000}, pageLoadStrategy=normal, unhandledPromptBehavior=dismiss and notify, strictFileInteractability=false, platform=XP, proxy=Proxy(), goog:chromeOptions={debuggerAddress=localhost:52537}, acceptInsecureCerts=false, browserVersion=76.0.3809.132, browserName=chrome, javascriptEnabled=true, platformName=XP, setWindowRect=true}]
Session ID: 7aa9abea68ad486e95adf8fbeabbecdd
*** Element info: {Using=xpath, value=//div[text()='rameshjadhav@gmail.com']/../following-sibling::div//button/i[contains(@class,'fa-pencil')]}
</error>
    <system-out><![CDATA[Feature: Working with WebTable

  Background:                       # src/test/resources/com/qa/features/webtable.feature:2
----Browser Object created now----
----Browser Object sent to BaseTest's WebDriver variable----
    Given User launch the test site # Background.User_launch_the_test_site()

  Scenario: Test working with elements in an webtable # src/test/resources/com/qa/features/webtable.feature:6
    When User switch to WebTable page                 # WebTableTest.User_switch_to_WebTable_page()
      org.openqa.selenium.NoSuchElementException: no such element: Unable to locate element: {"method":"xpath","selector":"//div[text()='rameshjadhav@gmail.com']/../following-sibling::div//button/i[contains(@class,'fa-pencil')]"}
  (Session info: chrome=76.0.3809.132)
For documentation on this error, please visit: http://seleniumhq.org/exceptions/no_such_element.html
Build info: version: '3.5.3', revision: 'a88d25fe6b', time: '2017-08-29T12:42:44.417Z'
System info: host: 'WKWIN9326287', ip: '10.0.75.1', os.name: 'Windows 10', os.arch: 'x86', os.version: '10.0', java.version: '1.8.0_211'
Driver info: org.openqa.selenium.chrome.ChromeDriver
Capabilities [{networkConnectionEnabled=false, chrome={chromedriverVersion=76.0.3809.68 (420c9498db8ce8fcd190a954d51297672c1515d5-refs/branch-heads/3809@{#864}), userDataDir=C:\Users\rajnakir\AppData\Local\Temp\scoped_dir23868_396723176}, timeouts={implicit=0, pageLoad=300000, script=30000}, pageLoadStrategy=normal, unhandledPromptBehavior=dismiss and notify, strictFileInteractability=false, platform=XP, proxy=Proxy(), goog:chromeOptions={debuggerAddress=localhost:52537}, acceptInsecureCerts=false, browserVersion=76.0.3809.132, browserName=chrome, javascriptEnabled=true, platformName=XP, setWindowRect=true}]
Session ID: 7aa9abea68ad486e95adf8fbeabbecdd
*** Element info: {Using=xpath, value=//div[text()='rameshjadhav@gmail.com']/../following-sibling::div//button/i[contains(@class,'fa-pencil')]}
	at sun.reflect.NativeConstructorAccessorImpl.newInstance0(Native Method)
	at sun.reflect.NativeConstructorAccessorImpl.newInstance(NativeConstructorAccessorImpl.java:62)
	at sun.reflect.DelegatingConstructorAccessorImpl.newInstance(DelegatingConstructorAccessorImpl.java:45)
	at java.lang.reflect.Constructor.newInstance(Constructor.java:423)
	at org.openqa.selenium.remote.http.W3CHttpResponseCodec.createException(W3CHttpResponseCodec.java:185)
	at org.openqa.selenium.remote.http.W3CHttpResponseCodec.decode(W3CHttpResponseCodec.java:120)
	at org.openqa.selenium.remote.http.W3CHttpResponseCodec.decode(W3CHttpResponseCodec.java:49)
	at org.openqa.selenium.remote.HttpCommandExecutor.execute(HttpCommandExecutor.java:164)
	at org.openqa.selenium.remote.service.DriverCommandExecutor.execute(DriverCommandExecutor.java:82)
	at org.openqa.selenium.remote.RemoteWebDriver.execute(RemoteWebDriver.java:646)
	at org.openqa.selenium.remote.RemoteWebDriver.findElement(RemoteWebDriver.java:416)
	at org.openqa.selenium.remote.RemoteWebDriver.findElementByXPath(RemoteWebDriver.java:518)
	at org.openqa.selenium.By$ByXPath.findElement(By.java:361)
	at org.openqa.selenium.remote.RemoteWebDriver.findElement(RemoteWebDriver.java:408)
	at com.qa.stepdef.BaseTest.getWebElement(BaseTest.java:26)
	at com.qa.stepdef.BaseTest.doubleClick(BaseTest.java:84)
	at com.qa.stepdef.WebTableTest.User_switch_to_WebTable_page(WebTableTest.java:28)
	at ?.User switch to WebTable page(file:src/test/resources/com/qa/features/webtable.feature:7)

----Browser quit----
]]></system-out>
    <system-err><![CDATA[Sep 07, 2019 9:04:10 AM cucumber.runtime.java.ObjectFactoryLoader loadSingleObjectFactory
INFO: Loading ObjectFactory via service loader: io.cucumber.picocontainer.PicoFactory
Starting ChromeDriver 76.0.3809.68 (420c9498db8ce8fcd190a954d51297672c1515d5-refs/branch-heads/3809@{#864}) on port 37220
Only local connections are allowed.
Please protect ports used by ChromeDriver and related test frameworks to prevent access by malicious code.
Sep 07, 2019 9:04:19 AM org.openqa.selenium.remote.ProtocolHandshake createSession
INFO: Detected dialect: W3C
]]></system-err>
  </testcase>
</testsuite>